[11-Aug-2016 06:45:22 UTC] PHP Fatal error:  Cannot use object of type stdClass as array in D:\WWW\phpcms_v9.6.0_UTF8\laravel\laravel5\app\Http\Controllers\LogController.php on line 24
[11-Aug-2016 06:45:35 UTC] PHP Fatal error:  Cannot use object of type stdClass as array in D:\WWW\phpcms_v9.6.0_UTF8\laravel\laravel5\app\Http\Controllers\LogController.php on line 24
[11-Aug-2016 06:45:37 UTC] PHP Fatal error:  Cannot use object of type stdClass as array in D:\WWW\phpcms_v9.6.0_UTF8\laravel\laravel5\app\Http\Controllers\LogController.php on line 24
[11-Aug-2016 06:45:37 UTC] PHP Fatal error:  Cannot use object of type stdClass as array in D:\WWW\phpcms_v9.6.0_UTF8\laravel\laravel5\app\Http\Controllers\LogController.php on line 24
[11-Aug-2016 06:45:38 UTC] PHP Fatal error:  Cannot use object of type stdClass as array in D:\WWW\phpcms_v9.6.0_UTF8\laravel\laravel5\app\Http\Controllers\LogController.php on line 24
[11-Aug-2016 06:45:40 UTC] PHP Fatal error:  Cannot use object of type stdClass as array in D:\WWW\phpcms_v9.6.0_UTF8\laravel\laravel5\app\Http\Controllers\LogController.php on line 24
[11-Aug-2016 06:45:40 UTC] PHP Fatal error:  Cannot use object of type stdClass as array in D:\WWW\phpcms_v9.6.0_UTF8\laravel\laravel5\app\Http\Controllers\LogController.php on line 24
[11-Aug-2016 06:45:40 UTC] PHP Fatal error:  Cannot use object of type stdClass as array in D:\WWW\phpcms_v9.6.0_UTF8\laravel\laravel5\app\Http\Controllers\LogController.php on line 24
[11-Aug-2016 06:45:41 UTC] PHP Fatal error:  Cannot use object of type stdClass as array in D:\WWW\phpcms_v9.6.0_UTF8\laravel\laravel5\app\Http\Controllers\LogController.php on line 24
[11-Aug-2016 06:46:34 UTC] PHP Fatal error:  Cannot use object of type stdClass as array in D:\WWW\phpcms_v9.6.0_UTF8\laravel\laravel5\app\Http\Controllers\LogController.php on line 24
[11-Aug-2016 06:46:37 UTC] PHP Fatal error:  Cannot use object of type stdClass as array in D:\WWW\phpcms_v9.6.0_UTF8\laravel\laravel5\app\Http\Controllers\LogController.php on line 24
[11-Aug-2016 06:46:37 UTC] PHP Fatal error:  Cannot use object of type stdClass as array in D:\WWW\phpcms_v9.6.0_UTF8\laravel\laravel5\app\Http\Controllers\LogController.php on line 24
[11-Aug-2016 06:46:37 UTC] PHP Fatal error:  Cannot use object of type stdClass as array in D:\WWW\phpcms_v9.6.0_UTF8\laravel\laravel5\app\Http\Controllers\LogController.php on line 24
[11-Aug-2016 06:46:38 UTC] PHP Fatal error:  Cannot use object of type stdClass as array in D:\WWW\phpcms_v9.6.0_UTF8\laravel\laravel5\app\Http\Controllers\LogController.php on line 24
[11-Aug-2016 06:46:38 UTC] PHP Fatal error:  Cannot use object of type stdClass as array in D:\WWW\phpcms_v9.6.0_UTF8\laravel\laravel5\app\Http\Controllers\LogController.php on line 24
[11-Aug-2016 06:46:39 UTC] PHP Fatal error:  Cannot use object of type stdClass as array in D:\WWW\phpcms_v9.6.0_UTF8\laravel\laravel5\app\Http\Controllers\LogController.php on line 24
[11-Aug-2016 06:46:39 UTC] PHP Fatal error:  Cannot use object of type stdClass as array in D:\WWW\phpcms_v9.6.0_UTF8\laravel\laravel5\app\Http\Controllers\LogController.php on line 24
[11-Aug-2016 06:46:39 UTC] PHP Fatal error:  Cannot use object of type stdClass as array in D:\WWW\phpcms_v9.6.0_UTF8\laravel\laravel5\app\Http\Controllers\LogController.php on line 24
[11-Aug-2016 06:46:40 UTC] PHP Fatal error:  Cannot use object of type stdClass as array in D:\WWW\phpcms_v9.6.0_UTF8\laravel\laravel5\app\Http\Controllers\LogController.php on line 24
[11-Aug-2016 06:46:40 UTC] PHP Fatal error:  Cannot use object of type stdClass as array in D:\WWW\phpcms_v9.6.0_UTF8\laravel\laravel5\app\Http\Controllers\LogController.php on line 24
[11-Aug-2016 06:46:40 UTC] PHP Fatal error:  Cannot use object of type stdClass as array in D:\WWW\phpcms_v9.6.0_UTF8\laravel\laravel5\app\Http\Controllers\LogController.php on line 24
[11-Aug-2016 06:46:41 UTC] PHP Fatal error:  Cannot use object of type stdClass as array in D:\WWW\phpcms_v9.6.0_UTF8\laravel\laravel5\app\Http\Controllers\LogController.php on line 24
[11-Aug-2016 06:46:41 UTC] PHP Fatal error:  Cannot use object of type stdClass as array in D:\WWW\phpcms_v9.6.0_UTF8\laravel\laravel5\app\Http\Controllers\LogController.php on line 24
[11-Aug-2016 06:46:41 UTC] PHP Fatal error:  Cannot use object of type stdClass as array in D:\WWW\phpcms_v9.6.0_UTF8\laravel\laravel5\app\Http\Controllers\LogController.php on line 24
[11-Aug-2016 06:46:41 UTC] PHP Fatal error:  Cannot use object of type stdClass as array in D:\WWW\phpcms_v9.6.0_UTF8\laravel\laravel5\app\Http\Controllers\LogController.php on line 24
[11-Aug-2016 06:46:41 UTC] PHP Fatal error:  Cannot use object of type stdClass as array in D:\WWW\phpcms_v9.6.0_UTF8\laravel\laravel5\app\Http\Controllers\LogController.php on line 24
[11-Aug-2016 06:46:41 UTC] PHP Fatal error:  Cannot use object of type stdClass as array in D:\WWW\phpcms_v9.6.0_UTF8\laravel\laravel5\app\Http\Controllers\LogController.php on line 24
[11-Aug-2016 06:46:53 UTC] PHP Fatal error:  Cannot use object of type stdClass as array in D:\WWW\phpcms_v9.6.0_UTF8\laravel\laravel5\app\Http\Controllers\LogController.php on line 24
[11-Aug-2016 06:52:50 UTC] PHP Fatal error:  Call to undefined function csrf_field() in D:\WWW\phpcms_v9.6.0_UTF8\laravel\laravel5\storage\framework\views\96b2f640ba27578783f3392dd882e219 on line 64
[11-Aug-2016 06:53:33 UTC] PHP Fatal error:  Call to undefined function csrf_field() in D:\WWW\phpcms_v9.6.0_UTF8\laravel\laravel5\storage\framework\views\96b2f640ba27578783f3392dd882e219 on line 64
[11-Aug-2016 06:53:43 UTC] PHP Fatal error:  Call to undefined function csrf_field() in D:\WWW\phpcms_v9.6.0_UTF8\laravel\laravel5\storage\framework\views\96b2f640ba27578783f3392dd882e219 on line 64
[11-Aug-2016 08:23:48 UTC] PHP Fatal error:  Cannot use isset() on the result of a function call (you can use "null !== func()" instead) in D:\WWW\phpcms_v9.6.0_UTF8\laravel\laravel5\app\Http\Middleware\OldMiddleware.php on line 12
[11-Aug-2016 08:24:12 UTC] PHP Fatal error:  Cannot use isset() on the result of a function call (you can use "null !== func()" instead) in D:\WWW\phpcms_v9.6.0_UTF8\laravel\laravel5\app\Http\Middleware\OldMiddleware.php on line 12
[11-Aug-2016 08:24:37 UTC] PHP Fatal error:  Cannot use isset() on the result of a function call (you can use "null !== func()" instead) in D:\WWW\phpcms_v9.6.0_UTF8\laravel\laravel5\app\Http\Middleware\OldMiddleware.php on line 12
[11-Aug-2016 08:24:44 UTC] PHP Fatal error:  Cannot use isset() on the result of a function call (you can use "null !== func()" instead) in D:\WWW\phpcms_v9.6.0_UTF8\laravel\laravel5\app\Http\Middleware\OldMiddleware.php on line 12
[11-Aug-2016 08:24:48 UTC] PHP Fatal error:  Cannot use isset() on the result of a function call (you can use "null !== func()" instead) in D:\WWW\phpcms_v9.6.0_UTF8\laravel\laravel5\app\Http\Middleware\OldMiddleware.php on line 12
[11-Aug-2016 08:24:50 UTC] PHP Fatal error:  Cannot use isset() on the result of a function call (you can use "null !== func()" instead) in D:\WWW\phpcms_v9.6.0_UTF8\laravel\laravel5\app\Http\Middleware\OldMiddleware.php on line 12
[11-Aug-2016 08:25:02 UTC] PHP Fatal error:  Cannot use isset() on the result of a function call (you can use "null !== func()" instead) in D:\WWW\phpcms_v9.6.0_UTF8\laravel\laravel5\app\Http\Middleware\OldMiddleware.php on line 12
[11-Aug-2016 08:26:12 UTC] PHP Fatal error:  Cannot use isset() on the result of a function call (you can use "null !== func()" instead) in D:\WWW\phpcms_v9.6.0_UTF8\laravel\laravel5\app\Http\Middleware\OldMiddleware.php on line 12
[11-Aug-2016 08:27:37 UTC] PHP Parse error:  syntax error, unexpected '}' in D:\WWW\phpcms_v9.6.0_UTF8\laravel\laravel5\app\Http\Middleware\OldMiddleware.php on line 19
[11-Aug-2016 08:27:53 UTC] PHP Parse error:  syntax error, unexpected '}' in D:\WWW\phpcms_v9.6.0_UTF8\laravel\laravel5\app\Http\Middleware\OldMiddleware.php on line 19
[11-Aug-2016 08:28:40 UTC] PHP Fatal error:  Cannot use isset() on the result of a function call (you can use "null !== func()" instead) in D:\WWW\phpcms_v9.6.0_UTF8\laravel\laravel5\app\Http\Middleware\OldMiddleware.php on line 13
[11-Aug-2016 08:28:48 UTC] PHP Fatal error:  Cannot use isset() on the result of a function call (you can use "null !== func()" instead) in D:\WWW\phpcms_v9.6.0_UTF8\laravel\laravel5\app\Http\Middleware\OldMiddleware.php on line 13
[11-Aug-2016 08:29:26 UTC] PHP Parse error:  syntax error, unexpected ')' in D:\WWW\phpcms_v9.6.0_UTF8\laravel\laravel5\app\Http\Middleware\OldMiddleware.php on line 13
[11-Aug-2016 08:39:41 UTC] PHP Parse error:  syntax error, unexpected '/' in D:\WWW\phpcms_v9.6.0_UTF8\laravel\laravel5\app\Http\routes.php on line 29
[11-Aug-2016 08:39:45 UTC] PHP Parse error:  syntax error, unexpected '/' in D:\WWW\phpcms_v9.6.0_UTF8\laravel\laravel5\app\Http\routes.php on line 29
[11-Aug-2016 08:39:46 UTC] PHP Parse error:  syntax error, unexpected '/' in D:\WWW\phpcms_v9.6.0_UTF8\laravel\laravel5\app\Http\routes.php on line 29
[11-Aug-2016 08:39:48 UTC] PHP Parse error:  syntax error, unexpected '/' in D:\WWW\phpcms_v9.6.0_UTF8\laravel\laravel5\app\Http\routes.php on line 29
[11-Aug-2016 08:39:49 UTC] PHP Parse error:  syntax error, unexpected '/' in D:\WWW\phpcms_v9.6.0_UTF8\laravel\laravel5\app\Http\routes.php on line 29
[11-Aug-2016 09:00:27 UTC] PHP Parse error:  syntax error, unexpected '=>' (T_DOUBLE_ARROW) in D:\WWW\phpcms_v9.6.0_UTF8\laravel\laravel5\app\Http\Controllers\LogController.php on line 21
[11-Aug-2016 11:51:45 UTC] PHP Parse error:  syntax error, unexpected '<' in D:\WWW\phpcms_v9.6.0_UTF8\laravel\laravel5\storage\framework\views\a738f6bc55801bb96576b88b2ff1f408 on line 167
[11-Aug-2016 11:56:27 UTC] PHP Parse error:  syntax error, unexpected '<' in D:\WWW\phpcms_v9.6.0_UTF8\laravel\laravel5\storage\framework\views\a738f6bc55801bb96576b88b2ff1f408 on line 167
[11-Aug-2016 12:20:19 UTC] PHP Fatal error:  Cannot redeclare App\Http\Controllers\AddClassificationController::addClassification() in D:\WWW\phpcms_v9.6.0_UTF8\laravel\laravel5\app\Http\Controllers\AddClassificationController.php on line 44
[11-Aug-2016 12:21:00 UTC] PHP Fatal error:  Cannot redeclare App\Http\Controllers\AddClassificationController::addClassification() in D:\WWW\phpcms_v9.6.0_UTF8\laravel\laravel5\app\Http\Controllers\AddClassificationController.php on line 44
[11-Aug-2016 12:21:01 UTC] PHP Fatal error:  Cannot redeclare App\Http\Controllers\AddClassificationController::addClassification() in D:\WWW\phpcms_v9.6.0_UTF8\laravel\laravel5\app\Http\Controllers\AddClassificationController.php on line 44
[11-Aug-2016 12:21:11 UTC] PHP Fatal error:  Cannot redeclare App\Http\Controllers\AddClassificationController::addClassification() in D:\WWW\phpcms_v9.6.0_UTF8\laravel\laravel5\app\Http\Controllers\AddClassificationController.php on line 44
[11-Aug-2016 12:21:40 UTC] PHP Fatal error:  Cannot redeclare App\Http\Controllers\AddClassificationController::addClassification() in D:\WWW\phpcms_v9.6.0_UTF8\laravel\laravel5\app\Http\Controllers\AddClassificationController.php on line 44
[11-Aug-2016 12:21:42 UTC] PHP Fatal error:  Cannot redeclare App\Http\Controllers\AddClassificationController::addClassification() in D:\WWW\phpcms_v9.6.0_UTF8\laravel\laravel5\app\Http\Controllers\AddClassificationController.php on line 44
[11-Aug-2016 12:21:50 UTC] PHP Fatal error:  Cannot redeclare App\Http\Controllers\AddClassificationController::addClassification() in D:\WWW\phpcms_v9.6.0_UTF8\laravel\laravel5\app\Http\Controllers\AddClassificationController.php on line 44
[11-Aug-2016 12:22:09 UTC] PHP Fatal error:  Cannot redeclare App\Http\Controllers\AddClassificationController::addClassification() in D:\WWW\phpcms_v9.6.0_UTF8\laravel\laravel5\app\Http\Controllers\AddClassificationController.php on line 44
[11-Aug-2016 12:22:22 UTC] PHP Fatal error:  Cannot redeclare App\Http\Controllers\AddClassificationController::addClassification() in D:\WWW\phpcms_v9.6.0_UTF8\laravel\laravel5\app\Http\Controllers\AddClassificationController.php on line 44
[11-Aug-2016 12:28:11 UTC] PHP Fatal error:  Cannot redeclare App\Http\Controllers\AddClassificationController::addClassification() in D:\WWW\phpcms_v9.6.0_UTF8\laravel\laravel5\app\Http\Controllers\AddClassificationController.php on line 44
[11-Aug-2016 12:28:15 UTC] PHP Fatal error:  Cannot redeclare App\Http\Controllers\AddClassificationController::addClassification() in D:\WWW\phpcms_v9.6.0_UTF8\laravel\laravel5\app\Http\Controllers\AddClassificationController.php on line 44
