[Wed Apr 20 18:18:52.517 2016] 0.071 sec [any/0/rel 0 (0,20)] [*] 人
[Wed Apr 20 18:20:09.356 2016] 0.003 sec [any/0/rel 0 (0,20)] [*] 人
[Wed Apr 20 18:20:33.386 2016] 0.038 sec [any/0/rel 1 (0,20)] [*] 张
[Wed Apr 20 18:21:13.489 2016] 0.003 sec [any/0/rel 1 (0,20)] [*] 张
[Wed Apr 20 18:21:55.531 2016] 0.002 sec [any/0/rel 0 (0,20)] [*] 人
[Wed Apr 20 18:23:39.756 2016] 0.010 sec [any/0/rel 5 (0,20)] [*] 人
[Wed Apr 20 18:26:03.033 2016] 0.003 sec [any/0/rel 5 (0,20)] [*] 人
[Wed Apr 20 18:26:42.150 2016] 0.003 sec [any/0/rel 5 (0,20)] [*] 人
[Wed Apr 20 18:35:57.703 2016] 0.017 sec [any/0/rel 5 (0,20)] [*] 人
[Wed Apr 20 18:36:56.275 2016] 0.002 sec [any/0/rel 5 (0,20)] [*] 人
[Wed Apr 20 18:37:26.834 2016] 0.043 sec [any/0/rel 5 (0,20)] [*] 人
[Wed Apr 20 18:37:42.967 2016] 0.002 sec [any/0/rel 5 (0,20)] [*] 人
[Wed Apr 20 18:38:28.803 2016] 0.052 sec [any/0/rel 5 (0,20)] [*] 人
[Wed Apr 20 18:39:15.576 2016] 0.003 sec [any/0/rel 5 (0,20)] [*] 人
[Wed Apr 20 18:39:55.969 2016] 0.002 sec [any/0/rel 5 (0,20)] [*] 人
[Wed Apr 20 18:40:24.602 2016] 0.002 sec [any/0/rel 5 (0,20)] [*] 人
[Wed Apr 20 18:41:26.029 2016] 0.045 sec [any/0/rel 5 (0,20)] [*] 人
[Wed Apr 20 18:41:59.619 2016] 0.003 sec [any/0/rel 5 (0,20)] [*] 人
[Wed Apr 20 18:42:22.762 2016] 0.002 sec [any/0/rel 5 (0,20)] [*] 人
[Wed Apr 20 18:42:28.600 2016] 0.003 sec [any/0/rel 5 (0,20)] [*] 人
[Wed Apr 20 18:42:31.101 2016] 0.002 sec [any/0/rel 5 (0,20)] [*] 人
[Wed Apr 20 18:56:26.437 2016] 0.039 sec [any/0/rel 5 (0,20)] [*] 人
[Wed Apr 20 18:56:29.456 2016] 0.002 sec [any/0/rel 5 (0,20)] [*] 人
[Wed Apr 20 18:57:39.060 2016] 0.002 sec [any/0/rel 5 (0,20)] [*] 人
[Wed Apr 20 18:57:40.503 2016] 0.002 sec [any/0/rel 5 (0,20)] [*] 人
[Wed Apr 20 18:57:42.924 2016] 0.002 sec [any/0/rel 5 (0,20)] [*] 人
[Wed Apr 20 19:00:23.390 2016] 0.039 sec [any/0/rel 5 (0,20)] [*] 人
[Wed Apr 20 19:00:27.934 2016] 0.003 sec [any/0/rel 5 (0,20)] [*] 人
[Wed Apr 20 19:02:01.352 2016] 0.048 sec [any/0/rel 5 (0,20)] [*] 人
[Wed Apr 20 19:02:59.957 2016] 0.002 sec [any/0/rel 5 (0,20)] [*] 人
[Wed Apr 20 19:05:45.885 2016] 0.044 sec [any/0/rel 5 (0,20)] [*] 人
[Wed Apr 20 19:28:52.169 2016] 0.161 sec [any/0/rel 5 (0,20)] [*] 人
[Wed Apr 20 19:29:02.846 2016] 0.002 sec [any/0/rel 5 (0,20)] [*] 人
[Wed Apr 20 19:29:05.992 2016] 0.002 sec [any/0/rel 5 (0,20)] [*] 人
[Wed Apr 20 19:30:35.713 2016] 0.041 sec [any/0/rel 5 (0,20)] [*] 人
[Wed Apr 20 19:30:41.968 2016] 0.002 sec [any/0/rel 5 (0,20)] [*] 人
[Wed Apr 20 19:32:05.659 2016] 0.002 sec [any/0/rel 5 (0,20)] [*] 人
[Wed Apr 20 19:32:18.367 2016] 0.003 sec [any/0/rel 2 (0,20)] [*] 海淀
[Wed Apr 20 19:32:42.909 2016] 0.003 sec [any/0/rel 5 (0,20)] [*] 人
[Wed Apr 20 19:32:48.021 2016] 0.002 sec [any/0/rel 0 (0,20)] [*] k
[Wed Apr 20 19:33:04.858 2016] 0.003 sec [any/0/rel 5 (0,20)] [*] 人
[Wed Apr 20 19:33:16.052 2016] 0.003 sec [any/0/rel 1 (0,20)] [*] 张
[Wed Apr 20 19:49:17.652 2016] 0.070 sec [any/0/rel 5 (0,20)] [*] 人
[Wed Apr 20 19:49:26.360 2016] 0.002 sec [any/0/rel 5 (0,20)] [*] 人
[Wed Apr 20 20:54:09.386 2016] 0.012 sec [any/0/rel 5 (0,20)] [*] 人
[Wed Apr 20 20:54:16.149 2016] 0.002 sec [any/0/rel 0 (0,20)] [*] qawe
[Wed Apr 20 20:57:09.220 2016] 0.003 sec [any/0/rel 5 (0,20)] [*] 人
[Wed Apr 20 20:57:20.551 2016] 0.031 sec [any/0/rel 1 (0,20)] [*] 张三
[Wed Apr 20 20:57:30.118 2016] 0.002 sec [any/0/rel 5 (0,20)] [*] 人
[Wed Apr 20 20:57:36.412 2016] 0.004 sec [any/0/rel 5 (0,20)] [*] 人
[Wed Apr 20 20:57:43.821 2016] 0.003 sec [any/0/rel 5 (0,20)] [*] 人
[Wed Apr 20 21:02:02.774 2016] 0.004 sec [any/0/rel 5 (0,20)] [*] 人
[Wed Apr 20 21:02:06.627 2016] 0.005 sec [any/0/rel 5 (0,20)] [*] 人
[Thu Apr 21 10:04:13.227 2016] 0.299 sec [any/0/rel 5 (0,20)] [*] 人
[Thu Apr 21 10:12:09.607 2016] 0.040 sec [all/0/ext 1 (0,20)] [*] 张三
[Thu Apr 21 10:12:34.188 2016] 0.002 sec [all/0/ext 1 (0,20)] [*] 三
[Thu Apr 21 10:12:58.795 2016] 0.002 sec [all/0/ext 5 (0,20)] [*] 人
[Thu Apr 21 10:13:48.282 2016] 0.003 sec [all/0/ext 5 (0,20)] [*] 人
[Thu Apr 21 10:14:29.628 2016] 0.003 sec [all/0/ext 5 (0,20)] [*] 人
[Thu Apr 21 10:14:31.394 2016] 0.002 sec [all/0/ext 5 (0,20)] [*] 人
[Thu Apr 21 10:14:31.671 2016] 0.002 sec [all/0/ext 5 (0,20)] [*] 人
[Thu Apr 21 10:14:31.920 2016] 0.002 sec [all/0/ext 5 (0,20)] [*] 人
[Thu Apr 21 10:14:32.163 2016] 0.002 sec [all/0/ext 5 (0,20)] [*] 人
[Thu Apr 21 10:14:32.423 2016] 0.002 sec [all/0/ext 5 (0,20)] [*] 人
[Thu Apr 21 10:14:32.671 2016] 0.002 sec [all/0/ext 5 (0,20)] [*] 人
[Thu Apr 21 10:14:32.944 2016] 0.002 sec [all/0/ext 5 (0,20)] [*] 人
[Thu Apr 21 10:14:33.143 2016] 0.002 sec [all/0/ext 5 (0,20)] [*] 人
[Thu Apr 21 10:15:15.164 2016] 0.003 sec [all/0/ext 2 (0,20)] [*] 中国
[Thu Apr 21 10:18:34.610 2016] 0.050 sec [all/0/ext 8 (0,20)] [*] 中国
[Thu Apr 21 10:20:50.438 2016] 0.002 sec [all/0/ext 8 (0,20)] [*] 中国
[Thu Apr 21 10:21:12.449 2016] 0.002 sec [all/0/ext 8 (0,20)] [*] 中国
[Thu Apr 21 10:21:34.312 2016] 0.002 sec [all/0/ext 8 (0,20)] [*] 中国
[Thu Apr 21 10:22:04.751 2016] 0.003 sec [all/0/ext 8 (0,20)] [*] 中国
[Thu Apr 21 10:23:23.434 2016] 0.003 sec [all/0/ext 8 (0,20)] [*] 中国
[Thu Apr 21 10:24:45.218 2016] 0.002 sec [all/0/ext 8 (0,20)] [*] 中国
[Thu Apr 21 10:25:28.617 2016] 0.002 sec [all/0/ext 8 (0,20)] [*] 中国
[Thu Apr 21 10:26:11.316 2016] 0.002 sec [all/0/ext 8 (0,20)] [*] 中国
[Thu Apr 21 10:31:27.799 2016] 0.002 sec [all/0/ext 8 (0,20)] [*] 中国
[Thu Apr 21 10:33:44.496 2016] 0.002 sec [all/0/ext 8 (0,20)] [*] 中国
[Thu Apr 21 10:33:45.885 2016] 0.003 sec [all/0/ext 8 (0,20)] [*] 中国
[Thu Apr 21 10:33:46.537 2016] 0.002 sec [all/0/ext 8 (0,20)] [*] 中国
[Thu Apr 21 10:33:46.821 2016] 0.002 sec [all/0/ext 8 (0,20)] [*] 中国
[Thu Apr 21 10:33:47.031 2016] 0.003 sec [all/0/ext 8 (0,20)] [*] 中国
[Thu Apr 21 10:33:47.232 2016] 0.002 sec [all/0/ext 8 (0,20)] [*] 中国
[Thu Apr 21 10:34:46.487 2016] 0.002 sec [all/0/ext 8 (0,20)] [*] 中国
[Thu Apr 21 10:34:58.888 2016] 0.003 sec [all/0/ext 8 (0,20)] [*] 中国
[Thu Apr 21 10:35:19.346 2016] 0.002 sec [all/0/ext 8 (0,20)] [*] 中国
[Thu Apr 21 10:35:44.349 2016] 0.002 sec [all/0/ext 8 (0,20)] [*] 中国
[Thu Apr 21 10:37:13.191 2016] 0.002 sec [all/0/ext 8 (0,20)] [*] 中国
[Thu Apr 21 10:37:27.471 2016] 0.003 sec [all/0/ext 8 (0,20)] [*] 中国
[Thu Apr 21 10:37:34.028 2016] 0.002 sec [all/0/ext 8 (0,20)] [*] 中国
[Thu Apr 21 10:38:54.582 2016] 0.002 sec [all/0/ext 8 (0,20)] [*] 中国
[Thu Apr 21 10:38:56.798 2016] 0.002 sec [all/0/ext 8 (0,20)] [*] 中国
[Thu Apr 21 10:41:22.077 2016] 0.003 sec [all/0/ext 8 (0,20)] [*] 中国
[Thu Apr 21 10:41:41.681 2016] 0.003 sec [all/0/ext 8 (0,20)] [*] 中国
[Thu Apr 21 10:47:00.090 2016] 0.002 sec [all/0/ext 8 (0,20)] [*] 中国
[Thu Apr 21 10:47:23.865 2016] 0.002 sec [all/0/ext 8 (0,20)] [*] 中国
[Thu Apr 21 10:48:58.427 2016] 0.002 sec [all/0/ext 8 (0,20)] [*] 中国
[Thu Apr 21 10:49:05.991 2016] 0.002 sec [all/0/ext 8 (0,20)] [*] 中国
[Thu Apr 21 10:55:53.817 2016] 0.010 sec [all/0/ext 3 (0,20)] [*] 海淀
[Thu Apr 21 10:56:17.804 2016] 0.002 sec [all/0/ext 3 (0,20)] [*] 海淀
[Thu Apr 21 11:03:44.028 2016] 0.003 sec [all/0/ext 3 (0,20)] [*] 海淀
[Thu Apr 21 11:05:01.506 2016] 0.002 sec [all/0/ext 3 (0,20)] [*] 海淀
[Thu Apr 21 11:26:24.745 2016] 0.009 sec [all/0/ext 3 (0,20)] [*] 海淀
[Thu Apr 21 11:27:25.107 2016] 0.003 sec [all/0/ext 3 (0,20)] [*] 海淀
[Thu Apr 21 13:00:04.804 2016] 0.060 sec [all/0/ext 3 (0,20)] [*] 海淀
[Thu Apr 21 13:00:12.012 2016] 0.003 sec [all/0/ext 3 (0,20)] [*] 海淀
[Thu Apr 21 14:01:26.549 2016] 0.051 sec [all/0/ext 3 (0,20)] [*] 海淀
[Thu Apr 21 15:27:48.415 2016] 0.010 sec [all/0/ext 3 (0,20)] [*] 海淀
[Thu Apr 21 15:28:04.131 2016] 0.002 sec [all/0/ext 3 (0,20)] [*] 海淀
[Thu Apr 21 15:29:23.030 2016] 0.002 sec [all/0/ext 3 (0,20)] [*] 海淀
[Thu Apr 21 15:30:32.973 2016] 0.002 sec [all/0/ext 3 (0,20)] [*] 海淀
[Thu Apr 21 15:31:42.179 2016] 0.002 sec [all/0/ext 3 (0,20)] [*] 海淀
[Thu Apr 21 15:32:39.592 2016] 0.003 sec [all/0/ext 3 (0,20)] [*] 海淀
[Thu Apr 21 15:34:02.979 2016] 0.002 sec [all/0/ext 3 (0,20)] [*] 海淀
[Thu Apr 21 15:35:38.155 2016] 0.011 sec [all/0/ext 3 (0,20)] [*] 海淀
[Thu Apr 21 15:36:22.465 2016] 0.010 sec [all/0/ext 4 (0,20)] [*] 海淀
[Thu Apr 21 15:36:45.328 2016] 0.002 sec [all/0/ext 4 (0,20)] [*] 海淀
[Thu Apr 21 15:36:48.709 2016] 0.002 sec [all/0/ext 4 (0,20)] [*] 海淀
[Thu Apr 21 15:36:52.250 2016] 0.003 sec [all/0/ext 4 (0,20)] [*] 海淀
[Thu Apr 21 15:36:59.184 2016] 0.003 sec [all/0/ext 4 (0,20)] [*] 海淀
[Thu Apr 21 15:37:23.010 2016] 0.002 sec [all/0/ext 4 (0,20)] [*] 海淀
[Thu Apr 21 15:37:26.378 2016] 0.003 sec [all/0/ext 4 (0,20)] [*] 海淀
[Thu Apr 21 15:37:28.372 2016] 0.003 sec [all/0/ext 4 (0,20)] [*] 海淀
[Thu Apr 21 15:37:32.543 2016] 0.002 sec [all/0/ext 4 (0,20)] [*] 海淀
[Thu Apr 21 21:13:58.454 2016] 0.052 sec [all/0/ext 3 (0,20)] [*] 张三
[Thu Apr 21 21:15:24.642 2016] 0.006 sec [all/0/ext 3 (0,20)] [*] 张三
[Thu Apr 21 21:15:28.810 2016] 0.052 sec [all/0/ext 3 (0,20)] [*] 张三
[Thu Apr 21 21:15:54.729 2016] 0.005 sec [all/0/ext 3 (0,20)] [*] 张三
[Thu Apr 21 21:16:20.213 2016] 0.040 sec [all/0/ext 3 (0,20)] [*] 张三
[Thu Apr 21 21:22:40.919 2016] 0.007 sec [all/0/ext 3 (0,20)] [*] 张三
[Thu Apr 21 21:23:31.541 2016] 0.005 sec [all/0/ext 3 (0,20)] [*] 张三
[Thu Apr 21 21:27:04.733 2016] 0.006 sec [all/0/ext 3 (0,20)] [*] 张三
[Thu Apr 21 21:28:29.557 2016] 0.005 sec [all/0/ext 3 (0,20)] [*] 张三
[Thu Apr 21 21:29:29.166 2016] 0.012 sec [all/0/ext 6 (0,20)] [*] 张三
[Thu Apr 21 21:29:32.550 2016] 0.005 sec [all/0/ext 6 (0,20)] [*] 张三
[Thu Apr 21 21:29:35.573 2016] 0.006 sec [all/0/ext 6 (0,20)] [*] 张三
[Thu Apr 21 21:30:22.762 2016] 0.005 sec [all/0/ext 6 (0,20)] [*] 张三
[Thu Apr 21 21:30:26.467 2016] 0.006 sec [all/0/ext 6 (0,20)] [*] 张三
[Thu Apr 21 23:08:08.688 2016] 0.051 sec [all/0/ext 0 (0,20)] [*] 张三
[Thu Apr 21 23:08:36.832 2016] 0.045 sec [all/0/ext 6 (0,20)] [*] 张三
[Thu Apr 21 23:08:47.251 2016] 0.005 sec [all/0/ext 6 (0,20)] [*] 张三
[Thu Apr 21 23:08:50.396 2016] 0.005 sec [all/0/ext 6 (0,20)] [*] 张三
[Thu Apr 21 23:12:25.272 2016] 0.005 sec [all/0/ext 6 (0,20)] [*] 张三
[Thu Apr 21 23:21:20.724 2016] 0.005 sec [all/0/ext 6 (0,20)] [*] 张三
[Thu Apr 21 23:23:11.135 2016] 0.003 sec [all/0/ext 0 (0,20)] [*] asjh
[Thu Apr 21 23:24:47.615 2016] 0.005 sec [all/0/ext 6 (0,20)] [*] 张三
[Thu Apr 21 23:24:53.377 2016] 0.003 sec [all/0/ext 0 (0,20)] [*] asd
[Fri Apr 22 07:27:15.848 2016] 0.021 sec [all/0/ext 0 (0,20)] [*] asd
[Fri Apr 22 07:28:20.397 2016] 0.029 sec [all/0/ext 6 (0,20)] [*] 暗巫
[Fri Apr 22 07:28:45.536 2016] 0.005 sec [all/0/ext 6 (0,20)] [*] 暗巫
[Fri Apr 22 07:29:25.414 2016] 0.005 sec [all/0/ext 6 (0,20)] [*] 张三
[Fri Apr 22 07:30:30.597 2016] 0.005 sec [all/0/ext 6 (0,20)] [*] 张三
[Fri Apr 22 07:31:03.044 2016] 0.005 sec [all/0/ext 6 (0,20)] [*] 张三
[Fri Apr 22 07:31:42.773 2016] 0.005 sec [all/0/ext 6 (0,20)] [*] 张三
[Fri Apr 22 07:31:50.705 2016] 0.005 sec [all/0/ext 6 (0,20)] [*] 张三
[Fri Apr 22 07:39:11.564 2016] 0.005 sec [all/0/ext 6 (0,20)] [*] 张三
[Fri Apr 22 07:49:42.697 2016] 0.020 sec [all/0/ext 6 (0,20)] [*] 张三
[Fri Apr 22 07:50:00.155 2016] 0.017 sec [all/0/ext 6 (0,20)] [*] 张三
[Fri Apr 22 07:50:38.488 2016] 0.016 sec [all/0/ext 6 (0,20)] [*] 暗巫
[Fri Apr 22 07:51:01.306 2016] 0.021 sec [all/0/ext 6 (0,20)] [*] 暗巫
[Fri Apr 22 07:51:18.221 2016] 0.008 sec [all/0/ext 6 (0,20)] [*] 张三
[Fri Apr 22 07:53:59.897 2016] 0.028 sec [all/0/ext 6 (0,20)] [*] 张三
[Fri Apr 22 08:02:20.816 2016] 0.030 sec [all/0/ext 6 (0,20)] [*] 张三
[Fri Apr 22 08:23:12.173 2016] 0.069 sec [all/0/ext 6 (0,20)] [*] 暗巫
[Fri Apr 22 08:24:14.297 2016] 0.007 sec [all/0/ext 6 (0,20)] [*] 暗巫
[Fri Apr 22 08:24:53.710 2016] 0.005 sec [all/0/ext 6 (0,20)] [*] 张三
[Fri Apr 22 08:26:30.882 2016] 0.015 sec [all/0/ext 6 (0,20)] [*] 暗巫
[Fri Apr 22 08:26:34.325 2016] 0.005 sec [all/0/ext 6 (0,20)] [*] 暗巫
[Fri Apr 22 08:26:38.478 2016] 0.005 sec [all/0/ext 6 (0,20)] [*] 暗巫
[Fri Apr 22 08:26:41.121 2016] 0.005 sec [all/0/ext 6 (0,20)] [*] 暗巫
[Fri Apr 22 08:28:17.003 2016] 0.013 sec [all/0/ext 6 (0,20)] [*] 暗巫
[Fri Apr 22 08:28:19.268 2016] 0.005 sec [all/0/ext 6 (0,20)] [*] 暗巫
[Fri Apr 22 08:28:21.996 2016] 0.006 sec [all/0/ext 6 (0,20)] [*] 暗巫
[Fri Apr 22 08:28:45.047 2016] 0.013 sec [all/0/ext 6 (0,20)] [*] 张三
[Fri Apr 22 08:28:48.262 2016] 0.005 sec [all/0/ext 6 (0,20)] [*] 张三
[Wed Apr 27 10:44:12.222 2016] 0.033 sec [any/0/rel 0 (0,20)] [*] 暗巫
[Wed Apr 27 10:45:41.854 2016] 0.065 sec [any/0/rel 10 (0,20)] [*] 人
[Wed Apr 27 10:45:50.342 2016] 0.003 sec [any/0/rel 10 (0,20)] [*] 人
[Wed Apr 27 10:45:56.382 2016] 0.002 sec [any/0/rel 0 (0,20)] [*] 暗巫
[Wed Apr 27 10:50:20.760 2016] 0.025 sec [any/0/rel 6 (0,20)] [*] 暗巫
[Wed Apr 27 10:50:22.862 2016] 0.003 sec [any/0/rel 6 (0,20)] [*] 暗巫
[Wed Apr 27 10:50:48.813 2016] 0.012 sec [any/0/rel 6 (0,20)] [*] 暗巫
[Wed Apr 27 10:51:07.091 2016] 0.003 sec [any/0/rel 6 (0,20)] [*] ISI
[Wed Apr 27 10:51:14.199 2016] 0.003 sec [any/0/rel 6 (0,20)] [*] ISI
[Wed Apr 27 10:56:27.209 2016] 0.036 sec [any/0/rel 6 (0,20)] [*] ISI
[Wed Apr 27 10:56:30.039 2016] 0.005 sec [any/0/rel 6 (0,20)] [*] ISI
[Wed Apr 27 11:00:01.583 2016] 0.010 sec [any/0/rel 6 (0,20)] [*] ISI
[Wed Apr 27 11:00:02.437 2016] 0.007 sec [any/0/rel 6 (0,20)] [*] ISI
[Wed Apr 27 11:00:03.092 2016] 0.005 sec [any/0/rel 6 (0,20)] [*] ISI
[Wed Apr 27 11:00:03.932 2016] 0.005 sec [any/0/rel 6 (0,20)] [*] ISI
[Wed Apr 27 11:00:06.486 2016] 0.008 sec [any/0/rel 6 (0,20)] [*] ISI
[Mon May  9 08:02:31.902 2016] 0.205 sec [all/0/ext 0 (0,20)] [*] 张三
[Mon May  9 08:02:36.854 2016] 0.003 sec [all/0/ext 0 (0,20)] [*] 张三
[Mon May  9 08:11:33.296 2016] 0.022 sec [all/0/ext 8 (0,20)] [*] 1
[Mon May  9 08:11:36.165 2016] 0.002 sec [all/0/ext 8 (0,20)] [*] 1
[Mon May  9 08:13:09.127 2016] 0.002 sec [all/0/ext 8 (0,20)] [*] 1
[Mon May  9 08:14:47.673 2016] 0.002 sec [all/0/ext 8 (0,20)] [*] 1
[Mon May  9 08:15:32.935 2016] 0.002 sec [all/0/ext 8 (0,20)] [*] 1
[Mon May  9 08:15:36.599 2016] 0.003 sec [all/0/ext 8 (0,20)] [*] 1
[Mon May  9 08:15:39.090 2016] 0.002 sec [all/0/ext 8 (0,20)] [*] 1
[Mon May  9 08:16:09.720 2016] 0.002 sec [all/0/ext 8 (0,20)] [*] 1
[Mon May  9 08:16:12.836 2016] 0.002 sec [all/0/ext 8 (0,20)] [*] 1
[Mon May  9 08:16:26.256 2016] 0.002 sec [all/0/ext 8 (0,20)] [*] 1
[Mon May  9 08:16:36.217 2016] 0.003 sec [all/0/ext 8 (0,20)] [*] 1
[Mon May  9 08:19:08.926 2016] 0.002 sec [all/0/ext 8 (0,20)] [*] 1
[Mon May  9 08:19:11.960 2016] 0.002 sec [all/0/ext 8 (0,20)] [*] 1
[Sat May 14 07:51:01.270 2016] 0.023 sec [all/0/rel 0 (0,20)] [*] 李飒
[Sat May 14 07:52:06.289 2016] 0.094 sec [all/0/rel 0 (0,20)] [*] 李
[Sat May 14 07:52:28.599 2016] 0.003 sec [all/0/rel 0 (0,20)] [*] 三
[Sat May 14 07:57:15.123 2016] 0.004 sec [all/0/rel 0 (0,20)] [*] 三
[Sat May 14 07:57:30.852 2016] 0.002 sec [all/0/rel 0 (0,20)] [*] d
[Sat May 14 08:01:44.590 2016] 0.044 sec [all/0/rel 0 (0,20)] [*] d
[Sat May 14 08:02:54.280 2016] 0.021 sec [all/0/rel 2 (0,20)] [*] kjashfd
[Sat May 14 08:04:10.951 2016] 0.002 sec [all/0/rel 2 (0,20)] [*] kjashfd
[Sat May 14 08:05:18.879 2016] 0.003 sec [all/0/rel 2 (0,20)] [*] asdfasf
[Sat May 14 08:06:02.369 2016] 0.015 sec [all/0/rel 4 (0,20)] [*] asdfasf
[Sat May 14 08:09:52.857 2016] 0.003 sec [all/0/rel 4 (0,20)] [*] fgjhfgjh
[Sat May 14 08:10:46.230 2016] 0.003 sec [all/0/rel 4 (0,20)] [*] fgjhfgjh
[Wed Jun  1 10:20:42.458 2016] 0.032 sec [any/0/rel 0 (0,20)] [*] admin
[Wed Jun  1 10:22:40.397 2016] 0.011 sec [any/0/rel 0 (0,20)] [*] admin
[Wed Jun  1 10:23:08.579 2016] 0.003 sec [any/0/rel 0 (0,20)] [*] admin
[Wed Jun  1 10:24:36.708 2016] 0.014 sec [any/0/rel 0 (0,20)] [*] admin
[Wed Jun  1 10:24:55.097 2016] 0.003 sec [any/0/rel 0 (0,20)] [*] sdfgdsgfsdtrgefe7tygcyhgbfdtg
[Wed Jun  1 10:25:35.283 2016] 0.013 sec [any/0/rel 0 (0,20)] [*] 44
[Wed Jun  1 10:26:59.406 2016] 0.012 sec [any/0/rel 0 (0,20)] [*] 44
[Wed Jun  1 10:27:06.920 2016] 0.004 sec [any/0/rel 0 (0,20)] [*] admin
[Wed Jun  1 10:28:29.402 2016] 0.003 sec [any/0/rel 0 (0,20)] [*] admin
[Wed Jun  1 10:28:39.327 2016] 0.014 sec [any/0/rel 0 (0,20)] [*] 44
[Wed Jun  1 10:28:52.851 2016] 0.003 sec [any/0/rel 0 (0,20)] [*] 20
[Wed Jun  1 10:31:55.860 2016] 0.017 sec [any/0/rel 0 (0,20)] [*] 20
[Wed Jun  1 10:32:04.752 2016] 0.003 sec [any/0/rel 0 (0,20)] [*] 20
[Wed Jun  1 10:32:16.649 2016] 0.004 sec [any/0/rel 0 (0,20)] [*] admin
[Wed Jun  1 10:32:34.274 2016] 0.004 sec [any/0/rel 0 (0,20)] [*] 44
[Wed Jun  1 10:46:23.285 2016] 0.004 sec [any/0/rel 0 (0,20)] [*] admin
[Wed Jun  1 10:47:01.692 2016] 0.009 sec [any/0/rel 0 (0,20)] [*] admin
[Wed Jun  1 13:39:04.538 2016] 0.025 sec [all/0/rel 0 (0,20)] [*] admin
[Wed Jun  1 13:41:09.021 2016] 0.013 sec [all/0/rel 0 (0,20)] [*] admin
[Wed Jun  1 13:41:09.980 2016] 0.002 sec [all/0/rel 0 (0,20)] [*] admin
[Wed Jun  1 13:41:11.216 2016] 0.002 sec [all/0/rel 0 (0,20)] [*] admin
[Wed Jun  1 13:41:11.957 2016] 0.003 sec [all/0/rel 0 (0,20)] [*] admin
[Wed Jun  1 13:55:27.372 2016] 0.013 sec [all/0/rel 0 (0,20)] [*] admin
[Wed Jun  1 13:55:30.166 2016] 0.011 sec [all/0/rel 0 (0,20)] [*] admin
[Wed Jun  1 13:55:31.212 2016] 0.007 sec [all/0/rel 0 (0,20)] [*] admin
[Wed Jun  1 13:55:32.555 2016] 0.001 sec [all/0/rel 0 (0,20)] [*] admin
[Wed Jun  1 13:55:32.659 2016] 0.007 sec [all/0/rel 0 (0,20)] [*] admin
[Wed Jun  1 13:55:32.708 2016] 0.002 sec [all/0/rel 0 (0,20)] [*] admin
[Wed Jun  1 13:55:32.732 2016] 0.004 sec [all/0/rel 0 (0,20)] [*] admin
[Wed Jun  1 13:55:32.786 2016] 0.001 sec [all/0/rel 0 (0,20)] [*] admin
[Wed Jun  1 13:55:32.789 2016] 0.002 sec [all/0/rel 0 (0,20)] [*] admin
[Wed Jun  1 13:55:32.793 2016] 0.002 sec [all/0/rel 0 (0,20)] [*] admin
[Wed Jun  1 13:55:32.805 2016] 0.013 sec [all/0/rel 0 (0,20)] [*] admin
[Wed Jun  1 13:55:32.809 2016] 0.002 sec [all/0/rel 0 (0,20)] [*] admin
[Wed Jun  1 13:55:32.815 2016] 0.006 sec [all/0/rel 0 (0,20)] [*] admin
[Wed Jun  1 13:55:32.839 2016] 0.001 sec [all/0/rel 0 (0,20)] [*] admin
[Wed Jun  1 13:55:32.852 2016] 0.001 sec [all/0/rel 0 (0,20)] [*] admin
[Wed Jun  1 13:55:33.063 2016] 0.005 sec [all/0/rel 0 (0,20)] [*] admin
[Wed Jun  1 13:55:33.426 2016] 0.001 sec [all/0/rel 0 (0,20)] [*] admin
[Wed Jun  1 13:55:33.524 2016] 0.002 sec [all/0/rel 0 (0,20)] [*] admin
[Wed Jun  1 13:55:33.682 2016] 0.011 sec [all/0/rel 0 (0,20)] [*] admin
[Wed Jun  1 13:55:33.825 2016] 0.001 sec [all/0/rel 0 (0,20)] [*] admin
[Wed Jun  1 13:55:33.840 2016] 0.044 sec [all/0/rel 0 (0,20)] [*] admin
[Wed Jun  1 13:55:33.885 2016] 0.001 sec [all/0/rel 0 (0,20)] [*] admin
[Wed Jun  1 13:55:33.894 2016] 0.002 sec [all/0/rel 0 (0,20)] [*] admin
[Wed Jun  1 13:55:34.023 2016] 0.002 sec [all/0/rel 0 (0,20)] [*] admin
[Wed Jun  1 13:55:34.090 2016] 0.001 sec [all/0/rel 0 (0,20)] [*] admin
[Wed Jun  1 13:55:34.127 2016] 0.001 sec [all/0/rel 0 (0,20)] [*] admin
[Wed Jun  1 13:55:34.135 2016] 0.001 sec [all/0/rel 0 (0,20)] [*] admin
[Wed Jun  1 13:55:34.187 2016] 0.001 sec [all/0/rel 0 (0,20)] [*] admin
[Wed Jun  1 13:55:34.192 2016] 0.023 sec [all/0/rel 0 (0,20)] [*] admin
[Wed Jun  1 13:55:34.256 2016] 0.001 sec [all/0/rel 0 (0,20)] [*] admin
[Wed Jun  1 13:55:34.274 2016] 0.001 sec [all/0/rel 0 (0,20)] [*] admin
[Wed Jun  1 13:55:34.554 2016] 0.002 sec [all/0/rel 0 (0,20)] [*] admin
[Wed Jun  1 13:55:34.672 2016] 0.002 sec [all/0/rel 0 (0,20)] [*] admin
[Wed Jun  1 13:55:34.684 2016] 0.002 sec [all/0/rel 0 (0,20)] [*] admin
[Wed Jun  1 13:55:34.685 2016] 0.002 sec [all/0/rel 0 (0,20)] [*] admin
[Wed Jun  1 13:55:34.727 2016] 0.001 sec [all/0/rel 0 (0,20)] [*] admin
[Wed Jun  1 13:55:34.967 2016] 0.001 sec [all/0/rel 0 (0,20)] [*] admin
[Wed Jun  1 13:55:43.477 2016] 0.002 sec [all/0/rel 0 (0,20)] [*] admin
[Wed Jun  1 14:00:00.502 2016] 0.015 sec [all/0/rel 0 (0,20)] [*] admin
[Wed Jun  1 14:14:37.969 2016] 0.011 sec [all/0/rel 0 (0,20)] [*] admin
[Wed Jun  1 14:14:44.240 2016] 0.002 sec [all/0/rel 0 (0,20)] [*] admin
[Wed Jun  1 14:16:34.410 2016] 0.004 sec [all/0/rel 0 (0,20)] [*] admin
[Wed Jun  1 14:16:36.067 2016] 0.003 sec [all/0/rel 0 (0,20)] [*] admin
[Wed Jun  1 14:16:36.684 2016] 0.002 sec [all/0/rel 0 (0,20)] [*] admin
[Wed Jun  1 14:16:37.869 2016] 0.002 sec [all/0/rel 0 (0,20)] [*] admin
[Wed Jun  1 14:16:38.379 2016] 0.002 sec [all/0/rel 0 (0,20)] [*] admin
[Wed Jun  1 14:16:38.379 2016] 0.002 sec [all/0/rel 0 (0,20)] [*] admin
[Wed Jun  1 14:16:38.417 2016] 0.001 sec [all/0/rel 0 (0,20)] [*] admin
[Wed Jun  1 14:16:38.439 2016] 0.002 sec [all/0/rel 0 (0,20)] [*] admin
[Wed Jun  1 14:16:38.736 2016] 0.001 sec [all/0/rel 0 (0,20)] [*] admin
[Wed Jun  1 14:17:02.069 2016] 0.016 sec [all/0/rel 0 (0,20)] [*] admin
[Wed Jun  1 14:17:03.073 2016] 0.002 sec [all/0/rel 0 (0,20)] [*] admin
[Wed Jun  1 14:17:03.569 2016] 0.002 sec [all/0/rel 0 (0,20)] [*] admin
[Wed Jun  1 14:17:18.757 2016] 0.002 sec [all/0/rel 0 (0,20)] [*] admin
[Wed Jun  1 14:17:20.118 2016] 0.013 sec [all/0/rel 0 (0,20)] [*] admin
[Wed Jun  1 14:17:20.387 2016] 0.003 sec [all/0/rel 0 (0,20)] [*] admin
[Wed Jun  1 14:17:20.505 2016] 0.002 sec [all/0/rel 0 (0,20)] [*] admin
[Wed Jun  1 14:17:20.685 2016] 0.002 sec [all/0/rel 0 (0,20)] [*] admin
[Wed Jun  1 14:17:20.972 2016] 0.006 sec [all/0/rel 0 (0,20)] [*] admin
[Wed Jun  1 14:17:21.342 2016] 0.002 sec [all/0/rel 0 (0,20)] [*] admin
[Wed Jun  1 14:17:21.422 2016] 0.002 sec [all/0/rel 0 (0,20)] [*] admin
[Wed Jun  1 14:17:22.563 2016] 0.008 sec [all/0/rel 0 (0,20)] [*] admin
[Wed Jun  1 14:17:22.569 2016] 0.001 sec [all/0/rel 0 (0,20)] [*] admin
[Wed Jun  1 14:17:22.579 2016] 0.002 sec [all/0/rel 0 (0,20)] [*] admin
[Wed Jun  1 14:17:22.581 2016] 0.003 sec [all/0/rel 0 (0,20)] [*] admin
[Wed Jun  1 14:17:22.597 2016] 0.003 sec [all/0/rel 0 (0,20)] [*] admin
[Wed Jun  1 14:17:23.363 2016] 0.010 sec [all/0/rel 0 (0,20)] [*] admin
[Wed Jun  1 14:17:23.375 2016] 0.006 sec [all/0/rel 0 (0,20)] [*] admin
[Wed Jun  1 14:17:23.408 2016] 0.004 sec [all/0/rel 0 (0,20)] [*] admin
[Wed Jun  1 14:17:23.618 2016] 0.001 sec [all/0/rel 0 (0,20)] [*] admin
[Wed Jun  1 14:26:34.927 2016] 0.013 sec [all/0/rel 0 (0,20)] [*] admin
[Wed Jun  1 14:37:03.012 2016] 0.010 sec [all/0/rel 0 (0,20)] [*] admin
[Wed Jun  1 14:53:41.790 2016] 0.019 sec [all/0/rel 0 (0,20)] [*] 风纪扣
[Wed Jun  1 14:54:02.562 2016] 0.003 sec [all/0/rel 0 (0,20)] [*] 风纪扣
[Wed Jun  1 14:54:26.719 2016] 0.003 sec [all/0/rel 0 (0,20)] [*] 风纪扣
