[Wed Apr 20 10:55:26.600 2016] [12212] accepting connections
[Wed Apr 20 18:18:11.246 2016] [12212] FATAL:  Tokenizer initialization failure. 
[Wed Apr 20 18:18:36.198 2016] [  164] accepting connections
[Wed Apr 20 18:23:33.217 2016] [ 9620] accepting connections
[Wed Apr 20 19:28:46.574 2016] [11384] accepting connections
[Wed Apr 20 20:54:05.339 2016] [ 8496] accepting connections
[Thu Apr 21 10:04:07.329 2016] [ 1696] accepting connections
[Thu Apr 21 10:16:15.500 2016] [ 4356] accepting connections
[Thu Apr 21 10:18:28.208 2016] [ 6232] accepting connections
[Thu Apr 21 10:52:13.439 2016] [ 8844] accepting connections
[Thu Apr 21 10:55:49.498 2016] [ 1416] accepting connections
[Thu Apr 21 11:26:18.545 2016] [11172] accepting connections
[Thu Apr 21 15:27:43.150 2016] [ 3324] accepting connections
[Thu Apr 21 15:35:27.007 2016] [ 3324] caught SIGTERM, shutting down
[Thu Apr 21 15:35:27.074 2016] [ 3324] shutdown complete
[Thu Apr 21 15:35:28.529 2016] [ 5384] accepting connections
[Thu Apr 21 15:35:49.220 2016] [ 5384] caught SIGTERM, shutting down
[Thu Apr 21 15:35:49.269 2016] [ 5384] shutdown complete
[Thu Apr 21 15:36:04.473 2016] [ 9856] accepting connections
[Thu Apr 21 15:55:09.456 2016] [ 9856] caught SIGTERM, shutting down
[Thu Apr 21 15:55:09.477 2016] [ 9856] shutdown complete
[Thu Apr 21 16:00:09.982 2016] [10268] accepting connections
[Thu Apr 21 16:00:41.304 2016] [10268] caught SIGTERM, shutting down
[Thu Apr 21 16:00:41.363 2016] [10268] shutdown complete
[Thu Apr 21 16:00:42.561 2016] [ 4604] accepting connections
[Thu Apr 21 16:01:07.668 2016] [ 4604] caught SIGTERM, shutting down
[Thu Apr 21 16:01:07.730 2016] [ 4604] shutdown complete
[Thu Apr 21 16:01:32.863 2016] [ 1668] accepting connections
[Thu Apr 21 16:01:37.119 2016] [ 1668] caught SIGTERM, shutting down
[Thu Apr 21 16:01:37.171 2016] [ 1668] shutdown complete
[Thu Apr 21 16:37:48.817 2016] [ 4400] accepting connections
[Thu Apr 21 16:38:21.536 2016] [ 4400] caught SIGTERM, shutting down
[Thu Apr 21 16:38:21.558 2016] [ 4400] shutdown complete
[Thu Apr 21 21:13:42.813 2016] [ 4468] accepting connections
[Thu Apr 21 21:29:05.577 2016] [ 4468] caught SIGTERM, shutting down
[Thu Apr 21 21:29:05.671 2016] [ 4468] shutdown complete
[Thu Apr 21 21:29:19.602 2016] [ 3808] accepting connections
[Thu Apr 21 23:08:00.807 2016] [ 6236] accepting connections
[Fri Apr 22 07:18:43.419 2016] [ 5596] accepting connections
[Tue Apr 26 11:29:26.956 2016] [  188] accepting connections
[Tue Apr 26 11:30:14.179 2016] [  188] caught SIGTERM, shutting down
[Tue Apr 26 11:30:14.230 2016] [  188] shutdown complete
[Wed Apr 27 07:40:03.459 2016] [10776] accepting connections
[Wed Apr 27 07:40:15.585 2016] [10776] caught SIGTERM, shutting down
[Wed Apr 27 07:40:15.636 2016] [10776] shutdown complete
[Wed Apr 27 07:40:58.244 2016] [ 4504] accepting connections
[Wed Apr 27 07:41:04.156 2016] [ 4504] caught SIGTERM, shutting down
[Wed Apr 27 07:41:04.218 2016] [ 4504] shutdown complete
[Wed Apr 27 10:43:07.393 2016] [14140] accepting connections
[Wed Apr 27 10:47:09.365 2016] [14140] caught SIGTERM, shutting down
[Wed Apr 27 10:47:09.410 2016] [14140] shutdown complete
[Wed Apr 27 10:50:01.469 2016] [ 3596] accepting connections
[Wed Apr 27 10:50:33.217 2016] [ 3596] caught SIGTERM, shutting down
[Wed Apr 27 10:50:33.232 2016] [ 3596] shutdown complete
[Wed Apr 27 10:50:35.386 2016] [12040] accepting connections
[Wed Apr 27 10:55:59.269 2016] [ 5380] accepting connections
[Wed Apr 27 11:17:11.681 2016] [14332] accepting connections
[Wed Apr 27 11:17:31.906 2016] [14332] caught SIGTERM, shutting down
[Wed Apr 27 11:17:32.017 2016] [14332] shutdown complete
[Wed Apr 27 11:17:47.415 2016] [ 5164] accepting connections
[Wed Apr 27 15:38:20.430 2016] [ 5164] caught SIGTERM, shutting down
[Thu Apr 28 15:44:45.401 2016] [ 6580] accepting connections
[Thu Apr 28 19:00:15.701 2016] [ 6580] caught SIGTERM, shutting down
[Thu Apr 28 19:00:15.741 2016] [ 6580] shutdown complete
[Thu Apr 28 19:03:00.711 2016] [13816] accepting connections
[Thu Apr 28 19:14:31.378 2016] [13816] caught SIGTERM, shutting down
[Thu Apr 28 19:14:31.490 2016] [13816] shutdown complete
[Thu Apr 28 19:14:41.050 2016] [12524] accepting connections
[Thu Apr 28 19:14:58.254 2016] [ 4172] accepting connections
[Thu Apr 28 20:25:54.106 2016] [ 3584] accepting connections
[Thu Apr 28 20:27:26.528 2016] [ 3584] caught SIGTERM, shutting down
[Thu Apr 28 20:27:26.582 2016] [ 3584] shutdown complete
[Thu Apr 28 20:28:18.943 2016] [ 3492] accepting connections
[Thu Apr 28 20:45:27.264 2016] [ 9700] accepting connections
[Thu Apr 28 20:47:02.490 2016] [ 9700] caught SIGTERM, shutting down
[Thu Apr 28 20:47:02.538 2016] [ 9700] shutdown complete
[Thu Apr 28 20:47:12.684 2016] [ 2988] accepting connections
[Thu Apr 28 20:47:38.054 2016] [ 2988] caught SIGTERM, shutting down
[Thu Apr 28 20:47:38.085 2016] [ 2988] shutdown complete
[Thu Apr 28 20:47:45.903 2016] [12428] accepting connections
[Thu Apr 28 20:47:51.679 2016] [ 3004] accepting connections
[Thu Apr 28 20:49:11.891 2016] [ 3004] shutdown complete
[Thu Apr 28 20:49:52.583 2016] [ 7144] accepting connections
[Thu Apr 28 20:50:01.837 2016] [ 7144] caught SIGTERM, shutting down
[Thu Apr 28 20:50:01.871 2016] [ 7144] shutdown complete
[Thu Apr 28 20:50:08.094 2016] [14648] accepting connections
[Fri Apr 29 11:28:09.369 2016] [14648] shutdown complete
[Fri Apr 29 11:28:25.978 2016] [ 1164] accepting connections
[Fri Apr 29 14:47:01.639 2016] [ 1164] caught SIGTERM, shutting down
[Fri Apr 29 14:46:47.593 2016] [13016] accepting connections
[Fri Apr 29 18:27:58.725 2016] [13016] shutdown complete
[Fri Apr 29 18:29:36.631 2016] [ 4524] accepting connections
[Fri Apr 29 18:33:21.124 2016] [ 4524] caught SIGTERM, shutting down
[Fri Apr 29 18:33:23.924 2016] [11512] accepting connections
[Sat Apr 30 10:58:33.911 2016] [ 2540] accepting connections
[Mon May  2 17:52:00.993 2016] [ 2492] accepting connections
[Tue May  3 13:56:20.289 2016] [ 2492] FATAL:  Tokenizer initialization failure. 
[Tue May  3 18:37:46.237 2016] [ 2592] accepting connections
[Thu May  5 07:09:30.531 2016] [ 2244] accepting connections
[Thu May  5 08:49:49.032 2016] [ 2244] shutdown complete
[Thu May  5 08:53:34.444 2016] [ 1468] accepting connections
[Thu May  5 09:27:13.982 2016] [ 1468] caught SIGTERM, shutting down
[Thu May  5 10:48:01.854 2016] [ 6292] accepting connections
[Thu May  5 18:21:08.236 2016] [ 2284] accepting connections
[Sun May  8 23:52:57.917 2016] [ 2540] accepting connections
[Mon May  9 07:50:42.876 2016] [ 2540] shutdown complete
[Mon May  9 07:58:16.869 2016] [ 6528] accepting connections
[Mon May  9 08:22:43.208 2016] [ 6528] caught SIGTERM, shutting down
[Mon May  9 08:22:46.330 2016] [ 7172] accepting connections
[Mon May  9 08:25:32.315 2016] [ 7172] FATAL:  Tokenizer initialization failure. 
[Mon May  9 08:25:32.458 2016] [ 7172] WARNING: select() failed: WSA error 10022
[Thu May 12 18:54:14.484 2016] [ 2500] accepting connections
[Fri May 13 08:39:57.845 2016] [ 2500] FATAL:  Tokenizer initialization failure. 
[Fri May 13 16:22:28.724 2016] [11180] accepting connections
[Fri May 13 16:23:47.563 2016] [11180] caught SIGTERM, shutting down
[Fri May 13 16:23:48.982 2016] [ 8544] accepting connections
[Fri May 13 16:24:23.755 2016] [ 8544] FATAL:  Tokenizer initialization failure. 
[Fri May 13 21:27:53.808 2016] [ 7696] accepting connections
[Fri May 13 21:29:09.355 2016] [  752] accepting connections
[Fri May 13 21:32:20.485 2016] [  752] FATAL:  Tokenizer initialization failure. 
[Sat May 14 07:50:50.507 2016] [10636] accepting connections
[Sat May 14 07:58:56.033 2016] [ 7816] accepting connections
[Sat May 14 07:59:11.487 2016] [ 7816] FATAL:  Tokenizer initialization failure. 
[Sat May 14 08:01:25.525 2016] [ 3560] accepting connections
[Sat May 14 08:05:43.010 2016] [ 3560] caught SIGTERM, shutting down
[Sat May 14 08:05:43.111 2016] [ 3560] shutdown complete
[Sat May 14 08:05:55.602 2016] [ 5188] accepting connections
[Sat May 14 23:33:01.485 2016] [ 2196] accepting connections
[Sun May 15 02:34:16.817 2016] [ 2076] accepting connections
[Sun May 15 13:47:50.428 2016] [ 2244] accepting connections
[Sun May 15 14:54:09.350 2016] [ 2244] shutdown complete
[Sun May 15 14:54:18.843 2016] [ 7016] accepting connections
[Sun May 15 14:54:23.713 2016] [ 6336] accepting connections
[Sun May 15 14:57:55.220 2016] [ 6336] FATAL:  Tokenizer initialization failure. 
[Sun May 15 15:00:21.989 2016] [ 6080] accepting connections
[Sun May 15 15:00:32.762 2016] [ 3144] accepting connections
[Sun May 15 15:00:50.657 2016] [ 3144] FATAL:  Tokenizer initialization failure. 
[Sun May 15 15:37:20.156 2016] [ 8188] accepting connections
[Sun May 15 15:37:26.765 2016] [ 3296] accepting connections
[Sun May 15 16:14:10.046 2016] [ 3296] shutdown complete
[Sun May 15 16:14:57.839 2016] [ 7904] accepting connections
[Sun May 15 16:15:01.480 2016] [ 7904] caught SIGTERM, shutting down
[Sun May 15 16:15:01.493 2016] [ 7904] shutdown complete
[Sun May 15 16:15:04.417 2016] [ 4244] accepting connections
[Mon May 16 06:52:11.278 2016] [ 2240] accepting connections
[Tue May 17 19:05:32.604 2016] [ 1776] accepting connections
[Wed May 18 14:18:15.929 2016] [ 2236] accepting connections
[Fri May 20 23:53:15.199 2016] [ 2156] accepting connections
[Mon May 23 07:35:47.786 2016] [ 2216] accepting connections
[Tue May 24 14:44:49.217 2016] [ 2648] accepting connections
[Tue May 24 15:25:41.783 2016] [ 2184] accepting connections
[Wed May 25 20:16:51.656 2016] [ 2580] accepting connections
[Fri May 27 21:43:32.663 2016] [ 2580] shutdown complete
[Fri May 27 21:44:12.401 2016] [10120] accepting connections
[Fri May 27 21:47:50.226 2016] [10120] caught SIGTERM, shutting down
[Fri May 27 21:47:50.341 2016] [10120] shutdown complete
[Fri May 27 21:48:00.388 2016] [ 4788] accepting connections
[Fri May 27 21:48:08.878 2016] [ 4788] caught SIGTERM, shutting down
[Fri May 27 21:48:08.892 2016] [ 4788] shutdown complete
[Fri May 27 21:48:11.704 2016] [ 4996] accepting connections
[Sat May 28 06:50:33.210 2016] [ 2244] accepting connections
[Sat May 28 06:57:17.185 2016] [ 2552] accepting connections
[Sun May 29 15:07:41.294 2016] [ 2248] accepting connections
[Sun May 29 23:35:27.187 2016] [ 2568] accepting connections
[Wed Jun  1 08:43:18.706 2016] [ 2568] FATAL:  Tokenizer initialization failure. 
[Wed Jun  1 08:43:18.762 2016] [ 2568] WARNING: select() failed: WSA error 10022
[Wed Jun  1 09:03:01.356 2016] [ 4944] accepting connections
[Wed Jun  1 09:05:43.664 2016] [ 4944] caught SIGTERM, shutting down
[Wed Jun  1 09:05:47.165 2016] [12208] accepting connections
[Wed Jun  1 09:06:03.937 2016] [12208] FATAL:  Tokenizer initialization failure. 
[Wed Jun  1 10:17:41.445 2016] [ 3240] accepting connections
[Wed Jun  1 10:18:04.304 2016] [10068] accepting connections
[Wed Jun  1 10:20:08.847 2016] [10068] shutdown complete
[Wed Jun  1 10:20:27.468 2016] [ 4232] accepting connections
[Wed Jun  1 10:22:20.169 2016] [ 4232] caught SIGTERM, shutting down
[Wed Jun  1 10:22:20.192 2016] [ 4232] shutdown complete
[Wed Jun  1 10:22:28.804 2016] [ 7556] accepting connections
[Wed Jun  1 10:23:19.251 2016] [ 5052] accepting connections
[Wed Jun  1 10:23:27.595 2016] [ 5052] FATAL:  Tokenizer initialization failure. 
[Wed Jun  1 10:24:27.175 2016] [ 6448] accepting connections
[Wed Jun  1 10:25:20.532 2016] [ 6448] caught SIGTERM, shutting down
[Wed Jun  1 10:25:20.580 2016] [ 6448] shutdown complete
[Wed Jun  1 10:25:26.696 2016] [ 3140] accepting connections
[Wed Jun  1 10:26:49.987 2016] [ 3140] caught SIGTERM, shutting down
[Wed Jun  1 10:26:50.011 2016] [ 3140] shutdown complete
[Wed Jun  1 10:26:54.863 2016] [12108] accepting connections
[Wed Jun  1 10:30:33.280 2016] [ 7884] accepting connections
[Wed Jun  1 10:30:58.455 2016] [ 7884] FATAL:  Tokenizer initialization failure. 
[Wed Jun  1 10:31:43.065 2016] [ 5844] accepting connections
[Wed Jun  1 12:09:30.712 2016] [ 5844] caught SIGTERM, shutting down
[Wed Jun  1 12:09:30.740 2016] [ 5844] shutdown complete
[Wed Jun  1 12:09:36.078 2016] [ 4556] accepting connections
[Wed Jun  1 13:33:12.791 2016] [ 4556] caught SIGTERM, shutting down
[Wed Jun  1 13:33:12.883 2016] [ 4556] shutdown complete
[Wed Jun  1 13:33:20.685 2016] [ 6224] accepting connections
[Wed Jun  1 13:40:10.091 2016] [ 6224] caught SIGTERM, shutting down
[Wed Jun  1 13:40:10.136 2016] [ 6224] shutdown complete
[Wed Jun  1 13:40:14.915 2016] [10468] accepting connections
[Wed Jun  1 13:49:15.071 2016] [10468] caught SIGTERM, shutting down
[Wed Jun  1 13:49:15.083 2016] [10468] shutdown complete
[Wed Jun  1 13:49:34.510 2016] [ 6944] accepting connections
[Wed Jun  1 13:55:15.807 2016] [ 6944] caught SIGTERM, shutting down
[Wed Jun  1 13:55:15.822 2016] [ 6944] shutdown complete
[Wed Jun  1 13:55:23.399 2016] [ 4180] accepting connections
[Wed Jun  1 13:59:35.321 2016] [ 4180] caught SIGTERM, shutting down
[Wed Jun  1 13:59:35.352 2016] [ 4180] shutdown complete
[Wed Jun  1 13:59:41.438 2016] [11324] accepting connections
[Wed Jun  1 14:14:20.822 2016] [11324] caught SIGTERM, shutting down
[Wed Jun  1 14:14:20.899 2016] [11324] shutdown complete
[Wed Jun  1 14:14:28.023 2016] [10496] accepting connections
[Wed Jun  1 14:16:51.503 2016] [10496] caught SIGTERM, shutting down
[Wed Jun  1 14:16:51.526 2016] [10496] shutdown complete
[Wed Jun  1 14:16:57.852 2016] [ 8992] accepting connections
[Wed Jun  1 14:26:20.614 2016] [ 8992] caught SIGTERM, shutting down
[Wed Jun  1 14:26:20.672 2016] [ 8992] shutdown complete
[Wed Jun  1 14:26:29.810 2016] [ 2728] accepting connections
[Wed Jun  1 14:35:40.578 2016] [ 2728] caught SIGTERM, shutting down
[Wed Jun  1 14:35:40.676 2016] [ 2728] shutdown complete
[Wed Jun  1 14:36:13.974 2016] [ 6444] accepting connections
[Wed Jun  1 14:47:17.734 2016] [ 6444] caught SIGTERM, shutting down
[Wed Jun  1 14:47:17.794 2016] [ 6444] shutdown complete
[Wed Jun  1 14:49:53.601 2016] [ 7648] accepting connections
[Wed Jun  1 14:55:39.787 2016] [ 9420] accepting connections
[Wed Jun  1 14:55:45.651 2016] [ 9420] FATAL:  Tokenizer initialization failure. 
[Wed Jun  1 14:59:06.630 2016] [ 4180] accepting connections
[Wed Jun  1 15:10:44.516 2016] [ 4180] caught SIGTERM, shutting down
[Wed Jun  1 15:10:45.364 2016] [ 4180] shutdown complete
[Wed Jun  1 15:23:16.449 2016] [ 9520] accepting connections
[Wed Jun  1 15:25:36.630 2016] [ 9520] caught SIGTERM, shutting down
[Wed Jun  1 15:25:36.692 2016] [ 9520] shutdown complete
[Wed Jun  1 15:25:42.236 2016] [11664] accepting connections
[Wed Jun  1 15:35:25.426 2016] [11664] caught SIGTERM, shutting down
[Wed Jun  1 15:35:25.465 2016] [11664] shutdown complete
[Wed Jun  1 15:35:30.436 2016] [ 5828] accepting connections
[Wed Jun  1 15:35:44.612 2016] [ 6572] accepting connections
[Wed Jun  1 15:43:57.649 2016] [ 6572] shutdown complete
[Wed Jun  1 15:44:17.424 2016] [11084] accepting connections
[Fri Jun  3 12:24:30.812 2016] [ 2760] accepting connections
[Fri Jun  3 12:32:40.148 2016] [ 2364] accepting connections
[Fri Jun  3 16:25:18.580 2016] [ 2308] accepting connections
[Fri Jun  3 16:29:12.646 2016] [ 2792] accepting connections
[Fri Jun  3 17:55:35.262 2016] [ 2260] accepting connections
[Fri Jun  3 17:57:31.307 2016] [ 2268] accepting connections
[Sat Jun  4 22:34:51.401 2016] [ 2224] accepting connections
[Thu Jun 16 06:49:12.545 2016] [ 2832] accepting connections
[Thu Jun 16 06:57:26.928 2016] [ 2600] accepting connections
[Fri Jun 17 21:03:51.848 2016] [ 2800] accepting connections
[Fri Jun 17 21:14:02.928 2016] [ 2416] accepting connections
[Thu Jun 23 21:48:14.439 2016] [ 2416] shutdown complete
